<?xml version="1.0" encoding="UTF-8"?>
<!-- Generated by org.testng.reporters.JUnitReportReporter -->
<testsuite hostname="pc01-X455LD" name="second" tests="1" failures="0" timestamp="30 Jul 2018 05:55:06 GMT" time="1.525" errors="0">
  <testcase name="login" time="1.525" classname="second"/>
</testsuite> <!-- second -->
